<?xml version="1.0" encoding="UTF-8"?>
<testsuite xmlns:xsi="http://www.w3.org/2001/XMLSchema-instance" xsi:schemaLocation="https://maven.apache.org/surefire/maven-surefire-plugin/xsd/surefire-test-report.xsd" name="com.baeldung.spring.cloud.archaius.basic.ArchaiusBasicConfigurationLiveTest" time="5.105" tests="2" errors="2" skipped="0" failures="0">
  <properties>
[...]
</properties>
  <testcase name="givenDefaultConfigurationSetup_whenRequestProperties_thenEndpointRetrievesValuesInFiles" classname="com.baeldung.spring.cloud.archaius.basic.ArchaiusBasicConfigurationLiveTest" time="0.191">
    <error message="Could not extract response: no suitable HttpMessageConverter found for response type [java.util.Map&lt;java.lang.String, java.lang.String&gt;] and content type [text/html;charset=utf-8]" type="org.springframework.web.client.RestClientException"><![CDATA[org.springframework.web.client.RestClientException: Could not extract response: no suitable HttpMessageConverter found for response type [java.util.Map<java.lang.String, java.lang.String>] and content type [text/html;charset=utf-8]
	at com.baeldung.spring.cloud.archaius.basic.ArchaiusBasicConfigurationLiveTest.exchangeAsMap(ArchaiusBasicConfigurationLiveTest.java:55)
	at com.baeldung.spring.cloud.archaius.basic.ArchaiusBasicConfigurationLiveTest.givenDefaultConfigurationSetup_whenRequestProperties_thenEndpointRetrievesValuesInFiles(ArchaiusBasicConfigurationLiveTest.java:61)
]]></error>
    <system-out><![CDATA[2019-10-02 18:56:48.769  INFO 6756 --- [           main] .b.t.c.SpringBootTestContextBootstrapper : Neither @ContextConfiguration nor @ContextHierarchy found for test class [com.baeldung.spring.cloud.archaius.basic.ArchaiusBasicConfigurationLiveTest], using SpringBootContextLoader
2019-10-02 18:56:48.772  INFO 6756 --- [           main] o.s.t.c.support.AbstractContextLoader    : Could not detect default resource locations for test class [com.baeldung.spring.cloud.archaius.basic.ArchaiusBasicConfigurationLiveTest]: no resource found for suffixes {-context.xml, Context.groovy}.
2019-10-02 18:56:48.776  INFO 6756 --- [           main] t.c.s.AnnotationConfigContextLoaderUtils : Could not detect default configuration classes for test class [com.baeldung.spring.cloud.archaius.basic.ArchaiusBasicConfigurationLiveTest]: ArchaiusBasicConfigurationLiveTest does not declare any static, non-private, non-final, nested classes annotated with @Configuration.
2019-10-02 18:56:48.781  INFO 6756 --- [           main] .b.t.c.SpringBootTestContextBootstrapper : Found @SpringBootConfiguration com.baeldung.spring.cloud.archaius.basic.BasicArchaiusApplication for test class com.baeldung.spring.cloud.archaius.basic.ArchaiusBasicConfigurationLiveTest
2019-10-02 18:56:48.783  INFO 6756 --- [           main] .b.t.c.SpringBootTestContextBootstrapper : Loaded default TestExecutionListener class names from location [META-INF/spring.factories]: [org.springframework.boot.test.mock.mockito.MockitoTestExecutionListener, org.springframework.boot.test.mock.mockito.ResetMocksTestExecutionListener, org.springframework.boot.test.autoconfigure.restdocs.RestDocsTestExecutionListener, org.springframework.boot.test.autoconfigure.web.client.MockRestServiceServerResetTestExecutionListener, org.springframework.boot.test.autoconfigure.web.servlet.MockMvcPrintOnlyOnFailureTestExecutionListener, org.springframework.boot.test.autoconfigure.web.servlet.WebDriverTestExecutionListener, org.springframework.test.context.web.ServletTestExecutionListener, org.springframework.test.context.support.DirtiesContextBeforeModesTestExecutionListener, org.springframework.test.context.support.DependencyInjectionTestExecutionListener, org.springframework.test.context.support.DirtiesContextTestExecutionListener, org.springframework.test.context.transaction.TransactionalTestExecutionListener, org.springframework.test.context.jdbc.SqlScriptsTestExecutionListener]
2019-10-02 18:56:48.785  INFO 6756 --- [           main] .b.t.c.SpringBootTestContextBootstrapper : Using TestExecutionListeners: [org.springframework.test.context.web.ServletTestExecutionListener@6601cc93, org.springframework.test.context.support.DirtiesContextBeforeModesTestExecutionListener@54d901aa, org.springframework.boot.test.mock.mockito.MockitoTestExecutionListener@63716833, org.springframework.boot.test.autoconfigure.SpringBootDependencyInjectionTestExecutionListener@573284a5, org.springframework.test.context.support.DirtiesContextTestExecutionListener@3fbfbf84, org.springframework.boot.test.mock.mockito.ResetMocksTestExecutionListener@23f72d88, org.springframework.boot.test.autoconfigure.restdocs.RestDocsTestExecutionListener@4bafe935, org.springframework.boot.test.autoconfigure.web.client.MockRestServiceServerResetTestExecutionListener@87b5b49, org.springframework.boot.test.autoconfigure.web.servlet.MockMvcPrintOnlyOnFailureTestExecutionListener@4a7a965d, org.springframework.boot.test.autoconfigure.web.servlet.WebDriverTestExecutionListener@507b79f7]
2019-10-02 18:56:49.736  INFO 6756 --- [           main] s.c.a.AnnotationConfigApplicationContext : Refreshing org.springframework.context.annotation.AnnotationConfigApplicationContext@3b90a30a: startup date [Wed Oct 02 18:56:49 IST 2019]; root of context hierarchy
2019-10-02 18:56:49.816  INFO 6756 --- [           main] trationDelegate$BeanPostProcessorChecker : Bean 'configurationPropertiesRebinderAutoConfiguration' of type [org.springframework.cloud.autoconfigure.ConfigurationPropertiesRebinderAutoConfiguration$$EnhancerBySpringCGLIB$$1f590c6] is not eligible for getting processed by all BeanPostProcessors (for example: not eligible for auto-proxying)

  .   ____          _            __ _ _
 /\\ / ___'_ __ _ _(_)_ __  __ _ \ \ \ \
( ( )\___ | '_ | '_| | '_ \/ _` | \ \ \ \
 \\/  ___)| |_)| | | | | || (_| |  ) ) ) )
  '  |____| .__|_| |_|_| |_\__, | / / / /
 =========|_|==============|___/=/_/_/_/
 :: Spring Boot ::        (v2.0.4.RELEASE)

2019-10-02 18:56:50.602  INFO 6756 --- [           main] c.a.b.ArchaiusBasicConfigurationLiveTest : No active profile set, falling back to default profiles: default
2019-10-02 18:56:50.616  INFO 6756 --- [           main] ConfigServletWebServerApplicationContext : Refreshing org.springframework.boot.web.servlet.context.AnnotationConfigServletWebServerApplicationContext@36b310aa: startup date [Wed Oct 02 18:56:50 IST 2019]; parent: org.springframework.context.annotation.AnnotationConfigApplicationContext@3b90a30a
2019-10-02 18:56:50.990  INFO 6756 --- [           main] o.s.cloud.context.scope.GenericScope     : BeanFactory id=2677982e-e081-35d1-841a-870bd6fdc814
2019-10-02 18:56:51.087  INFO 6756 --- [           main] trationDelegate$BeanPostProcessorChecker : Bean 'org.springframework.cloud.autoconfigure.ConfigurationPropertiesRebinderAutoConfiguration' of type [org.springframework.cloud.autoconfigure.ConfigurationPropertiesRebinderAutoConfiguration$$EnhancerBySpringCGLIB$$1f590c6] is not eligible for getting processed by all BeanPostProcessors (for example: not eligible for auto-proxying)
2019-10-02 18:56:51.627  INFO 6756 --- [           main] o.s.b.w.embedded.tomcat.TomcatWebServer  : Tomcat initialized with port(s): 0 (http)
2019-10-02 18:56:51.689  INFO 6756 --- [           main] o.apache.catalina.core.StandardService   : Starting service [Tomcat]
2019-10-02 18:56:51.690  INFO 6756 --- [           main] org.apache.catalina.core.StandardEngine  : Starting Servlet Engine: Apache Tomcat/8.5.32
2019-10-02 18:56:51.714  INFO 6756 --- [ost-startStop-1] o.a.catalina.core.AprLifecycleListener   : The APR based Apache Tomcat Native library which allows optimal performance in production environments was not found on the java.library.path: [C:\Program Files\Java\jdk1.8.0_25\jre\bin;C:\WINDOWS\Sun\Java\bin;C:\WINDOWS\system32;C:\WINDOWS;C:/Program Files/Java/jdk1.8.0_25/bin/../jre/bin/server;C:/Program Files/Java/jdk1.8.0_25/bin/../jre/bin;C:/Program Files/Java/jdk1.8.0_25/bin/../jre/lib/amd64;C:\Program Files\Java\jdk1.8.0_25\bin;C:\Dev-Cpp\bin;C:\Dev-Cpp\mingw32\bin;C:\Windows\System32;C:\WINDOWS\system32;C:\WINDOWS;C:\WINDOWS\System32\Wbem;C:\WINDOWS\System32\WindowsPowerShell\v1.0\;C:\WINDOWS\System32\OpenSSH\;C:\Program Files (x86)\Graphviz2.38\bin;C:\Program Files\nodejs\;C:\Program Files\Git\cmd;C:\Dev-Cpp\bin;C:\Dev-Cpp\mingw32\bin;C:\Users\user\AppData\Local\Microsoft\WindowsApps;C:\Program Files\Microsoft VS Code\bin;C:\Program Files (x86)\Graphviz2.38\bin;C:\Users\user\AppData\Roaming\npm;;C:\Users\user\Desktop;;.]
2019-10-02 18:56:51.988  INFO 6756 --- [ost-startStop-1] o.a.c.c.C.[Tomcat].[localhost].[/]       : Initializing Spring embedded WebApplicationContext
2019-10-02 18:56:51.989  INFO 6756 --- [ost-startStop-1] o.s.web.context.ContextLoader            : Root WebApplicationContext: initialization completed in 1373 ms
2019-10-02 18:56:52.140  INFO 6756 --- [ost-startStop-1] o.s.b.w.servlet.ServletRegistrationBean  : Servlet dispatcherServlet mapped to [/]
2019-10-02 18:56:52.148  INFO 6756 --- [ost-startStop-1] o.s.b.w.servlet.FilterRegistrationBean   : Mapping filter: 'characterEncodingFilter' to: [/*]
2019-10-02 18:56:52.149  INFO 6756 --- [ost-startStop-1] o.s.b.w.servlet.FilterRegistrationBean   : Mapping filter: 'hiddenHttpMethodFilter' to: [/*]
2019-10-02 18:56:52.149  INFO 6756 --- [ost-startStop-1] o.s.b.w.servlet.FilterRegistrationBean   : Mapping filter: 'httpPutFormContentFilter' to: [/*]
2019-10-02 18:56:52.150  INFO 6756 --- [ost-startStop-1] o.s.b.w.servlet.FilterRegistrationBean   : Mapping filter: 'requestContextFilter' to: [/*]
2019-10-02 18:56:52.265  WARN 6756 --- [           main] o.s.c.n.a.ArchaiusAutoConfiguration      : Netflix ConfigurationManager has already been installed, unable to re-install
2019-10-02 18:56:52.382  INFO 6756 --- [           main] o.s.w.s.handler.SimpleUrlHandlerMapping  : Mapped URL path [/**/favicon.ico] onto handler of type [class org.springframework.web.servlet.resource.ResourceHttpRequestHandler]
2019-10-02 18:56:52.569  INFO 6756 --- [           main] s.w.s.m.m.a.RequestMappingHandlerAdapter : Looking for @ControllerAdvice: org.springframework.boot.web.servlet.context.AnnotationConfigServletWebServerApplicationContext@36b310aa: startup date [Wed Oct 02 18:56:50 IST 2019]; parent: org.springframework.context.annotation.AnnotationConfigApplicationContext@3b90a30a
2019-10-02 18:56:52.603  INFO 6756 --- [           main] s.w.s.m.m.a.RequestMappingHandlerMapping : Mapped "{[/properties-from-value],methods=[GET]}" onto public java.util.Map<java.lang.String, java.lang.String> com.baeldung.spring.cloud.archaius.basic.controller.ConfigPropertiesController.getPropertiesFromValue()
2019-10-02 18:56:52.605  INFO 6756 --- [           main] s.w.s.m.m.a.RequestMappingHandlerMapping : Mapped "{[/properties-from-dynamic],methods=[GET]}" onto public java.util.Map<java.lang.String, java.lang.String> com.baeldung.spring.cloud.archaius.basic.controller.ConfigPropertiesController.getPropertiesFromDynamic()
2019-10-02 18:56:52.607  INFO 6756 --- [           main] s.w.s.m.m.a.RequestMappingHandlerMapping : Mapped "{[/int-property],methods=[GET]}" onto public java.util.Map<java.lang.String, java.lang.Integer> com.baeldung.spring.cloud.archaius.basic.controller.ConfigPropertiesController.getIntPropertyFromDynamic()
2019-10-02 18:56:52.611  INFO 6756 --- [           main] s.w.s.m.m.a.RequestMappingHandlerMapping : Mapped "{[/error]}" onto public org.springframework.http.ResponseEntity<java.util.Map<java.lang.String, java.lang.Object>> org.springframework.boot.autoconfigure.web.servlet.error.BasicErrorController.error(javax.servlet.http.HttpServletRequest)
2019-10-02 18:56:52.613  INFO 6756 --- [           main] s.w.s.m.m.a.RequestMappingHandlerMapping : Mapped "{[/error],produces=[text/html]}" onto public org.springframework.web.servlet.ModelAndView org.springframework.boot.autoconfigure.web.servlet.error.BasicErrorController.errorHtml(javax.servlet.http.HttpServletRequest,javax.servlet.http.HttpServletResponse)
2019-10-02 18:56:52.656  INFO 6756 --- [           main] o.s.w.s.handler.SimpleUrlHandlerMapping  : Mapped URL path [/webjars/**] onto handler of type [class org.springframework.web.servlet.resource.ResourceHttpRequestHandler]
2019-10-02 18:56:52.659  INFO 6756 --- [           main] o.s.w.s.handler.SimpleUrlHandlerMapping  : Mapped URL path [/**] onto handler of type [class org.springframework.web.servlet.resource.ResourceHttpRequestHandler]
2019-10-02 18:56:53.727  INFO 6756 --- [           main] o.s.b.w.embedded.tomcat.TomcatWebServer  : Tomcat started on port(s): 52510 (http) with context path ''
2019-10-02 18:56:53.730  INFO 6756 --- [           main] c.a.b.ArchaiusBasicConfigurationLiveTest : Started ArchaiusBasicConfigurationLiveTest in 4.942 seconds (JVM running for 14.42)
]]></system-out>
  </testcase>
  <testcase name="givenNonDefaultConfigurationFilesSetup_whenRequestSpringVisibleProperties_thenEndpointDoesntRetrieveArchaiusProperties" classname="com.baeldung.spring.cloud.archaius.basic.ArchaiusBasicConfigurationLiveTest" time="0.026">
    <error message="Could not extract response: no suitable HttpMessageConverter found for response type [java.util.Map&lt;java.lang.String, java.lang.String&gt;] and content type [text/html;charset=utf-8]" type="org.springframework.web.client.RestClientException"><![CDATA[org.springframework.web.client.RestClientException: Could not extract response: no suitable HttpMessageConverter found for response type [java.util.Map<java.lang.String, java.lang.String>] and content type [text/html;charset=utf-8]
	at com.baeldung.spring.cloud.archaius.basic.ArchaiusBasicConfigurationLiveTest.exchangeAsMap(ArchaiusBasicConfigurationLiveTest.java:55)
	at com.baeldung.spring.cloud.archaius.basic.ArchaiusBasicConfigurationLiveTest.givenNonDefaultConfigurationFilesSetup_whenRequestSpringVisibleProperties_thenEndpointDoesntRetrieveArchaiusProperties(ArchaiusBasicConfigurationLiveTest.java:69)
]]></error>
  </testcase>
</testsuite>